c:\users\lando\documents\github\deep-learning-framework\deeplearningframework\source\x64\debug\vc143.pdb
c:\users\lando\documents\github\deep-learning-framework\deeplearningframework\source\x64\debug\vc143.idb
c:\users\lando\documents\github\deep-learning-framework\deeplearningframework\source\x64\debug\variable.obj
c:\users\lando\documents\github\deep-learning-framework\deeplearningframework\source\x64\debug\tensor4d.obj
c:\users\lando\documents\github\deep-learning-framework\deeplearningframework\source\x64\debug\tensor3d.obj
c:\users\lando\documents\github\deep-learning-framework\deeplearningframework\source\x64\debug\tensor2d.obj
c:\users\lando\documents\github\deep-learning-framework\deeplearningframework\source\x64\debug\tensor1d.obj
c:\users\lando\documents\github\deep-learning-framework\deeplearningframework\source\x64\debug\tensor0d.obj
c:\users\lando\documents\github\deep-learning-framework\deeplearningframework\source\x64\debug\tensor.obj
c:\users\lando\documents\github\deep-learning-framework\deeplearningframework\source\x64\debug\operator.obj
c:\users\lando\documents\github\deep-learning-framework\deeplearningframework\source\x64\debug\main.obj
c:\users\lando\documents\github\deep-learning-framework\deeplearningframework\source\x64\debug\graphnode.obj
c:\users\lando\documents\github\deep-learning-framework\deeplearningframework\source\x64\debug\computationalgraph.obj
c:\users\lando\documents\github\deep-learning-framework\deeplearningframework\source\x64\debug\operatornode.obj
c:\users\lando\documents\github\deep-learning-framework\deeplearningframework\source\x64\debug\tensoroperation.obj
c:\users\lando\documents\github\deep-learning-framework\deeplearningframework\x64\debug\source.pdb
c:\users\lando\documents\github\deep-learning-framework\deeplearningframework\source\x64\debug\source.tlog\cl.command.1.tlog
c:\users\lando\documents\github\deep-learning-framework\deeplearningframework\source\x64\debug\source.tlog\cl.read.1.tlog
c:\users\lando\documents\github\deep-learning-framework\deeplearningframework\source\x64\debug\source.tlog\cl.write.1.tlog
c:\users\lando\documents\github\deep-learning-framework\deeplearningframework\source\x64\debug\source.tlog\link.13196-cvtres.read.1.tlog
c:\users\lando\documents\github\deep-learning-framework\deeplearningframework\source\x64\debug\source.tlog\link.13196-cvtres.write.1.tlog
c:\users\lando\documents\github\deep-learning-framework\deeplearningframework\source\x64\debug\source.tlog\link.13196-rc.read.1.tlog
c:\users\lando\documents\github\deep-learning-framework\deeplearningframework\source\x64\debug\source.tlog\link.13196-rc.write.1.tlog
c:\users\lando\documents\github\deep-learning-framework\deeplearningframework\source\x64\debug\source.tlog\link.13196.read.1.tlog
c:\users\lando\documents\github\deep-learning-framework\deeplearningframework\source\x64\debug\source.tlog\link.13196.read.2.tlog
c:\users\lando\documents\github\deep-learning-framework\deeplearningframework\source\x64\debug\source.tlog\link.13196.write.1.tlog
c:\users\lando\documents\github\deep-learning-framework\deeplearningframework\source\x64\debug\source.tlog\link.command.1.tlog
c:\users\lando\documents\github\deep-learning-framework\deeplearningframework\source\x64\debug\source.tlog\link.read.1.tlog
c:\users\lando\documents\github\deep-learning-framework\deeplearningframework\source\x64\debug\source.tlog\link.write.1.tlog
